2026-04-11 14:57:16,629 INFO [*] Fake SSH server listening on 127.0.0.1:2225
2026-04-11 14:57:20,164 INFO [*] New connection from 127.0.0.1:59645, session=67d13f83-d13d-4fbb-954f-a089382cbff7
2026-04-11 14:57:20,177 ERROR Exception (server): Error reading SSH protocol banner[WinError 10053] An established connection was aborted by the software in your host machine
2026-04-11 14:57:20,181 ERROR Traceback (most recent call last):
2026-04-11 14:57:20,182 ERROR   File "C:\Users\kaige\anaconda3\Lib\site-packages\paramiko\transport.py", line 2363, in _check_banner
2026-04-11 14:57:20,182 ERROR     buf = self.packetizer.readline(timeout)
2026-04-11 14:57:20,183 ERROR   File "C:\Users\kaige\anaconda3\Lib\site-packages\paramiko\packet.py", line 395, in readline
2026-04-11 14:57:20,184 ERROR     buf += self._read_timeout(timeout)
2026-04-11 14:57:20,184 ERROR            ~~~~~~~~~~~~~~~~~~^^^^^^^^^
2026-04-11 14:57:20,185 ERROR   File "C:\Users\kaige\anaconda3\Lib\site-packages\paramiko\packet.py", line 663, in _read_timeout
2026-04-11 14:57:20,185 ERROR     x = self.__socket.recv(128)
2026-04-11 14:57:20,186 ERROR ConnectionAbortedError: [WinError 10053] An established connection was aborted by the software in your host machine
2026-04-11 14:57:20,186 ERROR 
2026-04-11 14:57:20,186 ERROR During handling of the above exception, another exception occurred:
2026-04-11 14:57:20,186 ERROR 
2026-04-11 14:57:20,186 ERROR Traceback (most recent call last):
2026-04-11 14:57:20,187 ERROR   File "C:\Users\kaige\anaconda3\Lib\site-packages\paramiko\transport.py", line 2179, in run
2026-04-11 14:57:20,187 ERROR     self._check_banner()
2026-04-11 14:57:20,187 ERROR     ~~~~~~~~~~~~~~~~~~^^
2026-04-11 14:57:20,187 ERROR   File "C:\Users\kaige\anaconda3\Lib\site-packages\paramiko\transport.py", line 2367, in _check_banner
2026-04-11 14:57:20,188 ERROR     raise SSHException(
2026-04-11 14:57:20,188 ERROR         "Error reading SSH protocol banner" + str(e)
2026-04-11 14:57:20,188 ERROR     )
2026-04-11 14:57:20,188 ERROR paramiko.ssh_exception.SSHException: Error reading SSH protocol banner[WinError 10053] An established connection was aborted by the software in your host machine
2026-04-11 14:57:20,188 ERROR 
2026-04-11 14:57:20,189 ERROR [67d13f83-d13d-4fbb-954f-a089382cbff7] connection error: Error reading SSH protocol banner[WinError 10053] An established connection was aborted by the software in your host machine
2026-04-11 14:57:20,189 INFO [*] Connection handler finished for session 67d13f83-d13d-4fbb-954f-a089382cbff7
